<?xml version="1.0" encoding="UTF-8"?>
<testsuite name="TestTest" tests="1" skipped="0" failures="0" errors="0" timestamp="2022-03-12T10:18:09" hostname="nc-thinkpad" time="0.043">
  <properties/>
  <testcase name="graphTest3()" classname="TestTest" time="0.043"/>
  <system-out><![CDATA[Didn't find bridge at 1
Didn't find bridge at 2
Didn't find bridge at 3
Found bridge! at 4
Didn't find bridge at 6
Didn't find bridge at 9
Didn't find bridge at 8
Found bridge! at 5
Didn't find bridge at 7
Didn't find bridge at 0
[9, 2, 3, 3, 3, 7, 9, 9, 7, 7]
]]></system-out>
  <system-err><![CDATA[]]></system-err>
</testsuite>
